<?xml version="1.0" encoding="UTF-8"?>
<!-- Generated by org.testng.reporters.JUnitXMLReporter -->
<testsuite ignored="1" hostname="radhakrshnasMBP.attlocal.net" failures="0" tests="1" name="Test" time="0.113" errors="0" timestamp="2024-04-18T23:43:45 GMT-04:00">
  <testcase classname="introduction.ApplicationFlow" name="negativeTest" time="0.015"/>
  <testcase classname="introduction.ApplicationFlow" name="loginFlow" time="0.0">
    <ignored/>
  </testcase> <!-- loginFlow -->
</testsuite> <!-- Test -->
